<?xml version="1.0" encoding="UTF-8" ?>

<testsuite failures="0" time="0.049" errors="0" skipped="0" tests="3" name="ApplicationTest">
  <testcase classname="ApplicationTest" name="testThatIndexPageWorks" time="0.016">
      </testcase>
  <testcase classname="ApplicationTest" name="testThatUserGetCorrectKey" time="0.019">
      </testcase>
  <testcase classname="ApplicationTest" name="testThatBadUserGetIncorrectKey" time="0.014">
      </testcase>
</testsuite>
